d:\projekty\mario_game\mario_game\mario_game\debug\vc141.pdb
d:\projekty\mario_game\mario_game\mario_game\debug\vc141.idb
d:\projekty\mario_game\mario_game\mario_game\debug\window.obj
d:\projekty\mario_game\mario_game\mario_game\debug\turtleenemy.obj
d:\projekty\mario_game\mario_game\mario_game\debug\texturemanager.obj
d:\projekty\mario_game\mario_game\mario_game\debug\rectangle.obj
d:\projekty\mario_game\mario_game\mario_game\debug\player.obj
d:\projekty\mario_game\mario_game\mario_game\debug\main.obj
d:\projekty\mario_game\mario_game\mario_game\debug\flowerenemy.obj
d:\projekty\mario_game\mario_game\mario_game\debug\enemymushroom.obj
d:\projekty\mario_game\mario_game\mario_game\debug\brick.obj
d:\projekty\mario_game\mario_game\mario_game\debug\background.obj
d:\projekty\mario_game\mario_game\mario_game\debug\blockwithobject.obj
d:\projekty\mario_game\mario_game\mario_game\debug\coin.obj
d:\projekty\mario_game\mario_game\debug\mario_game.pdb
d:\projekty\mario_game\mario_game\mario_game\debug\mario_game.tlog\cl.command.1.tlog
d:\projekty\mario_game\mario_game\mario_game\debug\mario_game.tlog\cl.read.1.tlog
d:\projekty\mario_game\mario_game\mario_game\debug\mario_game.tlog\cl.write.1.tlog
d:\projekty\mario_game\mario_game\mario_game\debug\mario_game.tlog\link-cvtres.read.1.tlog
d:\projekty\mario_game\mario_game\mario_game\debug\mario_game.tlog\link-cvtres.write.1.tlog
d:\projekty\mario_game\mario_game\mario_game\debug\mario_game.tlog\link-rc.read.1.tlog
d:\projekty\mario_game\mario_game\mario_game\debug\mario_game.tlog\link-rc.write.1.tlog
d:\projekty\mario_game\mario_game\mario_game\debug\mario_game.tlog\link.7796-cvtres.read.1.tlog
d:\projekty\mario_game\mario_game\mario_game\debug\mario_game.tlog\link.7796-cvtres.write.1.tlog
d:\projekty\mario_game\mario_game\mario_game\debug\mario_game.tlog\link.7796-rc.read.1.tlog
d:\projekty\mario_game\mario_game\mario_game\debug\mario_game.tlog\link.7796-rc.write.1.tlog
d:\projekty\mario_game\mario_game\mario_game\debug\mario_game.tlog\link.7796.read.1.tlog
d:\projekty\mario_game\mario_game\mario_game\debug\mario_game.tlog\link.7796.write.1.tlog
d:\projekty\mario_game\mario_game\mario_game\debug\mario_game.tlog\link.command.1.tlog
d:\projekty\mario_game\mario_game\mario_game\debug\mario_game.tlog\link.read.1.tlog
d:\projekty\mario_game\mario_game\mario_game\debug\mario_game.tlog\link.write.1.tlog
